Determining if the pthread_create exist failed with the following output:
Change Dir: /home/carla/Desktop/SAUnitedCoin/build/release/CMakeFiles/CMakeTmp

Run Build Command:"/usr/bin/make" "cmTC_a9390/fast"
make[1]: Entering directory '/home/carla/Desktop/SAUnitedCoin/build/release/CMakeFiles/CMakeTmp'
/usr/bin/make -f CMakeFiles/cmTC_a9390.dir/build.make CMakeFiles/cmTC_a9390.dir/build
make[2]: Entering directory '/home/carla/Desktop/SAUnitedCoin/build/release/CMakeFiles/CMakeTmp'
Building C object CMakeFiles/cmTC_a9390.dir/CheckSymbolExists.c.o
/usr/bin/cc   -std=c11  -Wall -Wextra -Wpointer-arith -Wundef -Wvla -Wwrite-strings -Wno-error=extra -Wno-error=unused-function -Wno-error=deprecated-declarations -Wno-error=sign-compare -Wno-error=strict-aliasing -Wno-error=type-limits -Wno-unused-parameter -Wno-error=unused-variable -Wno-error=undef -Wno-error=uninitialized -Wno-error=unused-result -Wlogical-op -Wno-error=maybe-uninitialized -Wno-error=clobbered -Wno-error=unused-but-set-variable -Wno-error=odr -Waggregate-return -Wnested-externs -Wold-style-definition -Wstrict-prototypes -march=native -maes    -o CMakeFiles/cmTC_a9390.dir/CheckSymbolExists.c.o   -c /home/carla/Desktop/SAUnitedCoin/build/release/CMakeFiles/CMakeTmp/CheckSymbolExists.c
Linking C executable cmTC_a9390
/usr/bin/cmake -E cmake_link_script CMakeFiles/cmTC_a9390.dir/link.txt --verbose=1
/usr/bin/cc  -std=c11  -Wall -Wextra -Wpointer-arith -Wundef -Wvla -Wwrite-strings -Wno-error=extra -Wno-error=unused-function -Wno-error=deprecated-declarations -Wno-error=sign-compare -Wno-error=strict-aliasing -Wno-error=type-limits -Wno-unused-parameter -Wno-error=unused-variable -Wno-error=undef -Wno-error=uninitialized -Wno-error=unused-result -Wlogical-op -Wno-error=maybe-uninitialized -Wno-error=clobbered -Wno-error=unused-but-set-variable -Wno-error=odr -Waggregate-return -Wnested-externs -Wold-style-definition -Wstrict-prototypes -march=native -maes     -rdynamic CMakeFiles/cmTC_a9390.dir/CheckSymbolExists.c.o  -o cmTC_a9390 
CMakeFiles/cmTC_a9390.dir/CheckSymbolExists.c.o: In function `main':
CheckSymbolExists.c:(.text+0x1b): undefined reference to `pthread_create'
collect2: error: ld returned 1 exit status
CMakeFiles/cmTC_a9390.dir/build.make:97: recipe for target 'cmTC_a9390' failed
make[2]: *** [cmTC_a9390] Error 1
make[2]: Leaving directory '/home/carla/Desktop/SAUnitedCoin/build/release/CMakeFiles/CMakeTmp'
Makefile:126: recipe for target 'cmTC_a9390/fast' failed
make[1]: *** [cmTC_a9390/fast] Error 2
make[1]: Leaving directory '/home/carla/Desktop/SAUnitedCoin/build/release/CMakeFiles/CMakeTmp'

File /home/carla/Desktop/SAUnitedCoin/build/release/CMakeFiles/CMakeTmp/CheckSymbolExists.c:
/* */
#include <pthread.h>

int main(int argc, char** argv)
{
  (void)argv;
#ifndef pthread_create
  return ((int*)(&pthread_create))[argc];
#else
  (void)argc;
  return 0;
#endif
}

Determining if the function pthread_create exists in the pthreads failed with the following output:
Change Dir: /home/carla/Desktop/SAUnitedCoin/build/release/CMakeFiles/CMakeTmp

Run Build Command:"/usr/bin/make" "cmTC_67be8/fast"
make[1]: Entering directory '/home/carla/Desktop/SAUnitedCoin/build/release/CMakeFiles/CMakeTmp'
/usr/bin/make -f CMakeFiles/cmTC_67be8.dir/build.make CMakeFiles/cmTC_67be8.dir/build
make[2]: Entering directory '/home/carla/Desktop/SAUnitedCoin/build/release/CMakeFiles/CMakeTmp'
Building C object CMakeFiles/cmTC_67be8.dir/CheckFunctionExists.c.o
/usr/bin/cc   -std=c11  -Wall -Wextra -Wpointer-arith -Wundef -Wvla -Wwrite-strings -Wno-error=extra -Wno-error=unused-function -Wno-error=deprecated-declarations -Wno-error=sign-compare -Wno-error=strict-aliasing -Wno-error=type-limits -Wno-unused-parameter -Wno-error=unused-variable -Wno-error=undef -Wno-error=uninitialized -Wno-error=unused-result -Wlogical-op -Wno-error=maybe-uninitialized -Wno-error=clobbered -Wno-error=unused-but-set-variable -Wno-error=odr -Waggregate-return -Wnested-externs -Wold-style-definition -Wstrict-prototypes -march=native -maes -DCHECK_FUNCTION_EXISTS=pthread_create   -o CMakeFiles/cmTC_67be8.dir/CheckFunctionExists.c.o   -c /usr/share/cmake-3.10/Modules/CheckFunctionExists.c
Linking C executable cmTC_67be8
/usr/bin/cmake -E cmake_link_script CMakeFiles/cmTC_67be8.dir/link.txt --verbose=1
/usr/bin/cc  -std=c11  -Wall -Wextra -Wpointer-arith -Wundef -Wvla -Wwrite-strings -Wno-error=extra -Wno-error=unused-function -Wno-error=deprecated-declarations -Wno-error=sign-compare -Wno-error=strict-aliasing -Wno-error=type-limits -Wno-unused-parameter -Wno-error=unused-variable -Wno-error=undef -Wno-error=uninitialized -Wno-error=unused-result -Wlogical-op -Wno-error=maybe-uninitialized -Wno-error=clobbered -Wno-error=unused-but-set-variable -Wno-error=odr -Waggregate-return -Wnested-externs -Wold-style-definition -Wstrict-prototypes -march=native -maes -DCHECK_FUNCTION_EXISTS=pthread_create    -rdynamic CMakeFiles/cmTC_67be8.dir/CheckFunctionExists.c.o  -o cmTC_67be8 -lpthreads 
/usr/bin/x86_64-linux-gnu-ld: cannot find -lpthreads
collect2: error: ld returned 1 exit status
CMakeFiles/cmTC_67be8.dir/build.make:97: recipe for target 'cmTC_67be8' failed
make[2]: *** [cmTC_67be8] Error 1
make[2]: Leaving directory '/home/carla/Desktop/SAUnitedCoin/build/release/CMakeFiles/CMakeTmp'
Makefile:126: recipe for target 'cmTC_67be8/fast' failed
make[1]: *** [cmTC_67be8/fast] Error 2
make[1]: Leaving directory '/home/carla/Desktop/SAUnitedCoin/build/release/CMakeFiles/CMakeTmp'


